C:\Code\GLToy\Resources\MFC\Application\Application\Debug\Application.exe.embed.manifest
C:\Code\GLToy\Resources\MFC\Application\Application\Debug\Application.exe.embed.manifest.res
C:\Code\GLToy\Resources\MFC\Application\Application\Debug\Application.exe.intermediate.manifest
C:\Code\GLToy\Resources\MFC\Application\Application\Debug\Application.obj
C:\Code\GLToy\Resources\MFC\Application\Application\Debug\Application.res
C:\Code\GLToy\Resources\MFC\Application\Application\Debug\Application.tlb
C:\Code\GLToy\Resources\MFC\Application\Application\Debug\ApplicationDoc.obj
C:\Code\GLToy\Resources\MFC\Application\Application\Debug\ApplicationView.obj
C:\Code\GLToy\Resources\MFC\Application\Application\Debug\CalendarBar.obj
C:\Code\GLToy\Resources\MFC\Application\Application\Debug\ChildFrm.obj
C:\Code\GLToy\Resources\MFC\Application\Application\Debug\cl.command.1.tlog
C:\Code\GLToy\Resources\MFC\Application\Application\Debug\CL.read.1.tlog
C:\Code\GLToy\Resources\MFC\Application\Application\Debug\CL.write.1.tlog
C:\Code\GLToy\Resources\MFC\Application\Application\Debug\ClassView.obj
C:\Code\GLToy\Resources\MFC\Application\Application\Debug\custombuild.command.1.tlog
C:\Code\GLToy\Resources\MFC\Application\Application\Debug\custombuild.read.1.tlog
C:\Code\GLToy\Resources\MFC\Application\Application\Debug\custombuild.write.1.tlog
C:\Code\GLToy\Resources\MFC\Application\Application\Debug\FileView.obj
C:\Code\GLToy\Resources\MFC\Application\Application\Debug\MainFrm.obj
C:\Code\GLToy\Resources\MFC\Application\Application\Debug\OutputWnd.obj
C:\Code\GLToy\Resources\MFC\Application\Application\Debug\PropertiesWnd.obj
C:\Code\GLToy\Resources\MFC\Application\Application\Debug\stdafx.obj
C:\Code\GLToy\Resources\MFC\Application\Application\Debug\vc100.idb
C:\CODE\GLTOY\RESOURCES\MFC\APPLICATION\APPLICATION\DEBUG\VC100.PDB
C:\Code\GLToy\Resources\MFC\Application\Application\Debug\vc90.idb
C:\Code\GLToy\Resources\MFC\Application\Application\Debug\vc90.pdb
C:\Code\GLToy\Resources\MFC\Application\Application\Debug\ViewTree.obj
C:\Code\GLToy\Resources\MFC\Application\Debug\Application.exe
C:\Code\GLToy\Resources\MFC\Application\Debug\Application.ilk
C:\Code\GLToy\Resources\MFC\Application\Debug\Application.pdb
